0 15 0 0 3.6 0
1 18.6 0 0 3.6 0
2 22.2 0 0 3.6 0
3 25.8 0 0 3.6 0
4 29.4 0 0 3.6 0
5 33 0 0 3.6 0
6 36.6 0 0 3.6 0
7 40.2 0 0 3.6 0
8 43.5269 -1.37533 -0.392 3.6 0
9 47.1269 -1.37533 0 3.6 0
10 50.7269 -1.37533 0 3.6 0
11 54.0539 -2.75067 -0.392 3.6 0
12 57.6539 -2.75067 0 3.6 0
13 61.2539 -2.75067 0 3.6 0
14 64.8539 -2.75067 0 3.6 0
15 68.4539 -2.75067 0 3.6 0
16 72.0539 -2.75067 0 3.6 0
17 75.6539 -2.75067 0 3.6 0
18 79.2539 -2.75067 0 3.6 0
19 82.8539 -2.75067 0 3.6 0
20 86.4539 -2.75067 0 3.6 0
21 90.0539 -2.75067 0 3.6 0
22 93.6539 -2.75067 0 3.6 0
23 97.2539 -2.75067 0 3.6 0
24 100.854 -2.75067 0 3.6 0
25 104.454 -2.75067 0 3.6 0
26 108.054 -2.75067 0 3.6 0
27 111.654 -2.75067 0 3.6 0
28 115.254 -2.75067 0 3.6 0
29 118.854 -2.75067 0 3.6 0
30 122.454 -2.75067 0 3.6 0
31 126.054 -2.75067 0 3.6 0
32 129.654 -2.75067 0 3.6 0
33 133.254 -2.75067 0 3.6 0
34 136.854 -2.75067 0 3.6 0
35 140.454 -2.75067 0 3.6 0
36 144.054 -2.75067 0 3.6 0
37 147.654 -2.75067 0 3.6 0
38 151.254 -2.75067 0 3.6 0
39 154.854 -2.75067 0 3.6 0
40 158.454 -2.75067 0 3.6 0
41 162.054 -2.75067 0 3.6 0
42 165.654 -2.75067 0 3.6 0
43 169.254 -2.75067 0 3.6 0
44 172.854 -2.75067 0 3.6 0
45 176.454 -2.75067 0 3.6 0
46 180.054 -2.75067 0 3.6 0
47 183.654 -2.75067 0 3.6 0
48 187.254 -2.75067 0 3.6 0
49 190.854 -2.75067 0 3.6 0
50 194.181 -1.37533 0.392 3.6 0
